<?xml version="1.0" encoding="UTF-8"?>
<robot generator="Robot 4.1.1 (Python 3.9.4 on win32)" generated="20210913 20:58:51.575" rpa="false" schemaversion="2">
<suite id="s1" name="001 First Test" source="C:\Users\37255\PycharmProjects\demiurg\cases\001_first_test.robot">
<test id="s1-t1" name="Robot First Test Case">
<kw name="Open Browser" library="SeleniumLibrary">
<arg>${URL}</arg>
<arg>${Browser}</arg>
<doc>Opens a new browser instance to the optional ``url``.</doc>
<msg timestamp="20210913 20:58:51.809" level="INFO">Opening browser 'Chrome' to base url 'http://www.saucedemo.com/'.</msg>
<status status="PASS" starttime="20210913 20:58:51.809" endtime="20210913 20:58:55.282"/>
</kw>
<kw name="Maximize Browser Window" library="SeleniumLibrary">
<doc>Maximizes current browser window.</doc>
<status status="PASS" starttime="20210913 20:58:55.282" endtime="20210913 20:58:55.405"/>
</kw>
<kw name="Input Text" library="SeleniumLibrary">
<arg>id:user-name</arg>
<arg>standard_user</arg>
<doc>Types the given ``text`` into the text field identified by ``locator``.</doc>
<msg timestamp="20210913 20:58:55.405" level="INFO">Typing text 'standard_user' into text field 'id:user-name'.</msg>
<status status="PASS" starttime="20210913 20:58:55.405" endtime="20210913 20:58:55.571"/>
</kw>
<kw name="Sleep" library="BuiltIn">
<arg>4</arg>
<doc>Pauses the test executed for the given time.</doc>
<msg timestamp="20210913 20:58:59.574" level="INFO">Slept 4 seconds</msg>
<status status="PASS" starttime="20210913 20:58:55.572" endtime="20210913 20:58:59.574"/>
</kw>
<kw name="Clear Element Text" library="SeleniumLibrary">
<arg>id:user-name</arg>
<doc>Clears the value of the text-input-element identified by ``locator``.</doc>
<status status="PASS" starttime="20210913 20:58:59.574" endtime="20210913 20:58:59.599"/>
</kw>
<kw name="Sleep" library="BuiltIn">
<arg>4</arg>
<doc>Pauses the test executed for the given time.</doc>
<msg timestamp="20210913 20:59:03.603" level="INFO">Slept 4 seconds</msg>
<status status="PASS" starttime="20210913 20:58:59.600" endtime="20210913 20:59:03.603"/>
</kw>
<kw name="Input Text" library="SeleniumLibrary">
<arg>id:user-name</arg>
<arg>problem_user</arg>
<doc>Types the given ``text`` into the text field identified by ``locator``.</doc>
<msg timestamp="20210913 20:59:03.603" level="INFO">Typing text 'problem_user' into text field 'id:user-name'.</msg>
<status status="PASS" starttime="20210913 20:59:03.603" endtime="20210913 20:59:03.682"/>
</kw>
<kw name="Input Text" library="SeleniumLibrary">
<arg>xpath:/html/body/div/div/div[2]/div[1]/div[1]/div/form/div[2]/input</arg>
<arg>secret_sauce</arg>
<doc>Types the given ``text`` into the text field identified by ``locator``.</doc>
<msg timestamp="20210913 20:59:03.683" level="INFO">Typing text 'secret_sauce' into text field 'xpath:/html/body/div/div/div[2]/div[1]/div[1]/div/form/div[2]/input'.</msg>
<status status="PASS" starttime="20210913 20:59:03.683" endtime="20210913 20:59:03.785"/>
</kw>
<kw name="Click Button" library="SeleniumLibrary">
<arg>name:login-button</arg>
<doc>Clicks the button identified by ``locator``.</doc>
<msg timestamp="20210913 20:59:03.785" level="INFO">Clicking button 'name:login-button'.</msg>
<status status="PASS" starttime="20210913 20:59:03.785" endtime="20210913 20:59:03.903"/>
</kw>
<kw name="Sleep" library="BuiltIn">
<arg>4</arg>
<doc>Pauses the test executed for the given time.</doc>
<msg timestamp="20210913 20:59:07.907" level="INFO">Slept 4 seconds</msg>
<status status="PASS" starttime="20210913 20:59:03.904" endtime="20210913 20:59:07.907"/>
</kw>
<status status="PASS" starttime="20210913 20:58:51.809" endtime="20210913 20:59:07.907"/>
</test>
<status status="PASS" starttime="20210913 20:58:51.575" endtime="20210913 20:59:07.907"/>
</suite>
<statistics>
<total>
<stat pass="1" fail="0" skip="0">All Tests</stat>
</total>
<tag>
</tag>
<suite>
<stat pass="1" fail="0" skip="0" id="s1" name="001 First Test">001 First Test</stat>
</suite>
</statistics>
<errors>
</errors>
</robot>
